<?xml version="1.0" encoding="UTF-8"?>
<!-- Generated by org.testng.reporters.JUnitReportReporter -->
<testsuite hostname="DESKTOP-C2S5MS9" failures="0" tests="1" name="Simple_progam.First" time="7.813" errors="0" timestamp="2023-07-27T12:40:30 IST" skipped="0">
  <testcase classname="Simple_progam.First" name="url" time="7.813"/>
  <system-out/>
</testsuite> <!-- Simple_progam.First -->
